<?xml version="1.0" encoding="UTF-8"?>
<!-- Generated by org.testng.reporters.JUnitXMLReporter -->
<testsuite ignored="0" hostname="DESKTOP-FUABKC3" failures="0" tests="1" name="Test-firefox" time="110.486" errors="0" timestamp="2022-03-03T14:27:46 IST">
  <testcase classname="com.crm.OrganizationTests.CreateOrgwithIndTypeTest" name="createOrgwithIndDropdownTest" time="22.282"/>
</testsuite> <!-- Test-firefox -->
