<?xml version="1.0" encoding="UTF-8"?>
<!-- Generated by org.testng.reporters.JUnitReportReporter -->
<testsuite hostname="DESKTOP-FUABKC3" failures="0" tests="1" name="com.crm.ContactsTest.CreateContactWithOrganizationTest" time="93.156" errors="0" timestamp="2022-02-24T13:31:19 IST" skipped="0">
  <testcase classname="com.crm.ContactsTest.CreateContactWithOrganizationTest" name="createContactWithOrgTest" time="93.156"/>
  <system-out/>
</testsuite> <!-- com.crm.ContactsTest.CreateContactWithOrganizationTest -->
