<?xml version="1.0" encoding="UTF-8"?>
<!-- Generated by org.testng.reporters.JUnitReportReporter -->
<testsuite hostname="DESKTOP-FUABKC3" failures="0" tests="1" name="com.crm.DynamicPracticeTest.ContactPrintLastNameTest" time="41.464" errors="0" timestamp="2022-03-08T18:38:11 IST" skipped="0">
  <testcase classname="com.crm.DynamicPracticeTest.ContactPrintLastNameTest" name="printLastNameContactTest" time="41.464"/>
  <system-out/>
</testsuite> <!-- com.crm.DynamicPracticeTest.ContactPrintLastNameTest -->
