<?xml version="1.0" encoding="UTF-8"?>
<!-- Generated by org.testng.reporters.JUnitReportReporter -->
<testsuite hostname="DESKTOP-FUABKC3" failures="0" tests="1" name="com.crm.PRACTICE.PomPracticeForLogin" time="39.709" errors="0" timestamp="2022-02-23T16:41:22 IST" skipped="0">
  <testcase classname="com.crm.PRACTICE.PomPracticeForLogin" name="pomPracticeLogin" time="39.709"/>
  <system-out/>
</testsuite> <!-- com.crm.PRACTICE.PomPracticeForLogin -->
