<?xml version="1.0" encoding="UTF-8"?>
<!-- Generated by org.testng.reporters.JUnitReportReporter -->
<testsuite hostname="DESKTOP-FUABKC3" failures="0" tests="1" name="com.crm.ContactsTest.CreateContactTest" time="59.366" errors="0" timestamp="2022-03-04T15:01:21 IST" skipped="0">
  <testcase classname="com.crm.ContactsTest.CreateContactTest" name="createContactTest" time="59.366"/>
  <system-out>
    <![CDATA[createContactTest-----Testscript execution started
createContactTest-----Testscript execution sucessfull-PASS]]>
  </system-out>
</testsuite> <!-- com.crm.ContactsTest.CreateContactTest -->
