<?xml version="1.0" encoding="UTF-8"?>
<!-- Generated by org.testng.reporters.JUnitReportReporter -->
<testsuite hostname="DESKTOP-FUABKC3" failures="0" tests="1" name="com.crm.ContactTestcaseTest.CreateContactWithOrgTest" time="109.250" errors="0" timestamp="2022-03-03T12:16:59 IST" skipped="0">
  <testcase classname="com.crm.ContactTestcaseTest.CreateContactWithOrgTest" name="createContactWithOrgTest" time="109.250"/>
  <system-out/>
</testsuite> <!-- com.crm.ContactTestcaseTest.CreateContactWithOrgTest -->
