<?xml version="1.0" encoding="UTF-8"?>
<!-- Generated by org.testng.reporters.JUnitReportReporter -->
<testsuite hostname="DESKTOP-FUABKC3" failures="0" tests="1" name="com.crm.PRACTICE.ReaddataFromCmdLineTest" time="0.021" errors="0" timestamp="2022-02-17T12:55:19 IST" skipped="0">
  <testcase classname="com.crm.PRACTICE.ReaddataFromCmdLineTest" name="readDataFromCmdLine" time="0.021"/>
  <system-out/>
</testsuite> <!-- com.crm.PRACTICE.ReaddataFromCmdLineTest -->
