<?xml version="1.0" encoding="UTF-8"?>
<!-- Generated by org.testng.reporters.JUnitReportReporter -->
<testsuite hostname="DESKTOP-FUABKC3" failures="0" tests="6" name="com.crm.PRACTICE.DataProviderReadDataWithType" time="0.110" errors="0" timestamp="2022-03-01T08:17:39 IST" skipped="0">
  <testcase classname="com.crm.PRACTICE.DataProviderReadDataWithType" name="readDataWithType" time="0.026"/>
  <system-out/>
  <testcase classname="com.crm.PRACTICE.DataProviderReadDataWithType" name="readDataWithType" time="0.013"/>
  <system-out/>
  <testcase classname="com.crm.PRACTICE.DataProviderReadDataWithType" name="readDataWithType" time="0.034"/>
  <system-out/>
  <testcase classname="com.crm.PRACTICE.DataProviderReadDataWithType" name="readDataWithType" time="0.010"/>
  <system-out/>
  <testcase classname="com.crm.PRACTICE.DataProviderReadDataWithType" name="readDataWithType" time="0.014"/>
  <system-out/>
  <testcase classname="com.crm.PRACTICE.DataProviderReadDataWithType" name="readDataWithType" time="0.013"/>
  <system-out/>
</testsuite> <!-- com.crm.PRACTICE.DataProviderReadDataWithType -->
