<?xml version="1.0" encoding="UTF-8"?>
<!-- Generated by org.testng.reporters.JUnitReportReporter -->
<testsuite hostname="DESKTOP-FUABKC3" failures="0" tests="1" name="com.crm.DynamicPracticeTest.SelectAnyMonthFromCalender" time="206.249" errors="0" timestamp="2022-03-09T15:20:04 IST" skipped="0">
  <testcase classname="com.crm.DynamicPracticeTest.SelectAnyMonthFromCalender" name="selectMonth" time="206.249"/>
  <system-out/>
</testsuite> <!-- com.crm.DynamicPracticeTest.SelectAnyMonthFromCalender -->
