<?xml version="1.0" encoding="UTF-8"?>
<!-- Generated by org.testng.reporters.JUnitReportReporter -->
<testsuite hostname="DESKTOP-FUABKC3" failures="0" tests="1" name="com.crm.OrganizationTests.CreateOrgwithIndDropDownTest" time="70.843" errors="0" timestamp="2022-02-24T10:29:32 IST" skipped="0">
  <testcase classname="com.crm.OrganizationTests.CreateOrgwithIndDropDownTest" name="createOrgwithIndDropdownTest" time="70.843"/>
  <system-out/>
</testsuite> <!-- com.crm.OrganizationTests.CreateOrgwithIndDropDownTest -->
