<?xml version="1.0" encoding="UTF-8"?>
<!-- Generated by org.testng.reporters.JUnitReportReporter -->
<testsuite hostname="DESKTOP-FUABKC3" failures="0" tests="10" name="com.crm.ContactsTest.CreateContactWithMultipeDataTest" time="435.884" errors="0" timestamp="2022-03-01T10:48:39 IST" skipped="0">
  <testcase classname="com.crm.ContactsTest.CreateContactWithMultipeDataTest" name="createContactWithMultipleData" time="42.738"/>
  <system-out>
    <![CDATA[login sucessful
navigate to contact link
click on create contact data]]>
  </system-out>
  <testcase classname="com.crm.ContactsTest.CreateContactWithMultipeDataTest" name="createContactWithMultipleData" time="44.769"/>
  <system-out>
    <![CDATA[login sucessful
navigate to contact link
click on create contact data]]>
  </system-out>
  <testcase classname="com.crm.ContactsTest.CreateContactWithMultipeDataTest" name="createContactWithMultipleData" time="39.970"/>
  <system-out>
    <![CDATA[login sucessful
navigate to contact link
click on create contact data]]>
  </system-out>
  <testcase classname="com.crm.ContactsTest.CreateContactWithMultipeDataTest" name="createContactWithMultipleData" time="39.559"/>
  <system-out>
    <![CDATA[login sucessful
navigate to contact link
click on create contact data]]>
  </system-out>
  <testcase classname="com.crm.ContactsTest.CreateContactWithMultipeDataTest" name="createContactWithMultipleData" time="39.743"/>
  <system-out>
    <![CDATA[login sucessful
navigate to contact link
click on create contact data]]>
  </system-out>
  <testcase classname="com.crm.ContactsTest.CreateContactWithMultipeDataTest" name="createContactWithMultipleData" time="55.539"/>
  <system-out>
    <![CDATA[login sucessful
navigate to contact link
click on create contact data]]>
  </system-out>
  <testcase classname="com.crm.ContactsTest.CreateContactWithMultipeDataTest" name="createContactWithMultipleData" time="41.092"/>
  <system-out>
    <![CDATA[login sucessful
navigate to contact link
click on create contact data]]>
  </system-out>
  <testcase classname="com.crm.ContactsTest.CreateContactWithMultipeDataTest" name="createContactWithMultipleData" time="47.426"/>
  <system-out>
    <![CDATA[login sucessful
navigate to contact link
click on create contact data]]>
  </system-out>
  <testcase classname="com.crm.ContactsTest.CreateContactWithMultipeDataTest" name="createContactWithMultipleData" time="44.899"/>
  <system-out>
    <![CDATA[login sucessful
navigate to contact link
click on create contact data]]>
  </system-out>
  <testcase classname="com.crm.ContactsTest.CreateContactWithMultipeDataTest" name="createContactWithMultipleData" time="40.149"/>
  <system-out>
    <![CDATA[login sucessful
navigate to contact link
click on create contact data]]>
  </system-out>
</testsuite> <!-- com.crm.ContactsTest.CreateContactWithMultipeDataTest -->
