<?xml version="1.0" encoding="UTF-8"?>
<!-- Generated by org.testng.reporters.JUnitReportReporter -->
<testsuite hostname="DESKTOP-FUABKC3" failures="0" tests="6" name="com.crm.PRACTICE.DataProviderReadDataFromExcel" time="0.114" errors="0" timestamp="2022-03-01T00:10:08 IST" skipped="0">
  <testcase classname="com.crm.PRACTICE.DataProviderReadDataFromExcel" name="readMultipleData" time="0.016"/>
  <system-out/>
  <testcase classname="com.crm.PRACTICE.DataProviderReadDataFromExcel" name="readMultipleData" time="0.007"/>
  <system-out/>
  <testcase classname="com.crm.PRACTICE.DataProviderReadDataFromExcel" name="readMultipleData" time="0.022"/>
  <system-out/>
  <testcase classname="com.crm.PRACTICE.DataProviderReadDataFromExcel" name="readMultipleData" time="0.050"/>
  <system-out/>
  <testcase classname="com.crm.PRACTICE.DataProviderReadDataFromExcel" name="readMultipleData" time="0.005"/>
  <system-out/>
  <testcase classname="com.crm.PRACTICE.DataProviderReadDataFromExcel" name="readMultipleData" time="0.014"/>
  <system-out/>
</testsuite> <!-- com.crm.PRACTICE.DataProviderReadDataFromExcel -->
