<?xml version="1.0" encoding="UTF-8"?>
<!-- Generated by org.testng.reporters.JUnitReportReporter -->
<testsuite hostname="DESKTOP-FUABKC3" failures="0" tests="1" name="com.crm.DynamicPracticeTest.CurrentDateFlightBookTest" time="0.363" errors="0" timestamp="2022-03-11T23:04:10 IST" skipped="0">
  <testcase classname="com.crm.DynamicPracticeTest.CurrentDateFlightBookTest" name="curretDateFlight" time="0.363"/>
  <system-out/>
</testsuite> <!-- com.crm.DynamicPracticeTest.CurrentDateFlightBookTest -->
