<?xml version="1.0" encoding="UTF-8"?>
<!-- Generated by org.testng.reporters.JUnitReportReporter -->
<testsuite hostname="DESKTOP-FUABKC3" failures="0" tests="1" name="com.crm.PRACTICE.IncongnitoBrowserlaunch" time="16.653" errors="0" timestamp="2022-04-28T14:43:56 IST" skipped="0">
  <testcase classname="com.crm.PRACTICE.IncongnitoBrowserlaunch" name="incongitoBrowser" time="16.653"/>
  <system-out/>
</testsuite> <!-- com.crm.PRACTICE.IncongnitoBrowserlaunch -->
