<?xml version="1.0" encoding="UTF-8"?>
<!-- Generated by org.testng.reporters.JUnitReportReporter -->
<testsuite hostname="DESKTOP-FUABKC3" failures="0" tests="1" name="com.crm.DynamicPracticeTest.ContactCheckBoxSelectTest" time="30.304" errors="0" timestamp="2022-03-09T10:56:54 IST" skipped="0">
  <testcase classname="com.crm.DynamicPracticeTest.ContactCheckBoxSelectTest" name="conatactCheckBoxSelecltAllTest" time="30.304"/>
  <system-out/>
</testsuite> <!-- com.crm.DynamicPracticeTest.ContactCheckBoxSelectTest -->
