<?xml version="1.0" encoding="UTF-8"?>
<!-- Generated by org.testng.reporters.JUnitReportReporter -->
<testsuite hostname="DESKTOP-FUABKC3" failures="0" tests="6" name="com.crm.PRACTICE.DataProviderPractice2" time="0.074" errors="0" timestamp="2022-02-28T15:50:57 IST" skipped="0">
  <testcase classname="com.crm.PRACTICE.DataProviderPractice2" name="sampleDataprovider" time="0.012"/>
  <system-out/>
  <testcase classname="com.crm.PRACTICE.DataProviderPractice2" name="sampleDataprovider" time="0.006"/>
  <system-out/>
  <testcase classname="com.crm.PRACTICE.DataProviderPractice2" name="sampleDataprovider" time="0.008"/>
  <system-out/>
  <testcase classname="com.crm.PRACTICE.DataProviderPractice2" name="sampleDataprovider" time="0.009"/>
  <system-out/>
  <testcase classname="com.crm.PRACTICE.DataProviderPractice2" name="sampleDataprovider" time="0.021"/>
  <system-out/>
  <testcase classname="com.crm.PRACTICE.DataProviderPractice2" name="sampleDataprovider" time="0.018"/>
  <system-out/>
</testsuite> <!-- com.crm.PRACTICE.DataProviderPractice2 -->
