<?xml version="1.0" encoding="UTF-8"?>
<!-- Generated by org.testng.reporters.JUnitReportReporter -->
<testsuite hostname="DESKTOP-FUABKC3" failures="0" tests="10" name="com.crm.PRACTICE.DataProviderContactData" time="0.074" errors="0" timestamp="2022-03-01T08:32:53 IST" skipped="0">
  <testcase classname="com.crm.PRACTICE.DataProviderContactData" name="createConatctWithData" time="0.014"/>
  <system-out/>
  <testcase classname="com.crm.PRACTICE.DataProviderContactData" name="createConatctWithData" time="0.005"/>
  <system-out/>
  <testcase classname="com.crm.PRACTICE.DataProviderContactData" name="createConatctWithData" time="0.015"/>
  <system-out/>
  <testcase classname="com.crm.PRACTICE.DataProviderContactData" name="createConatctWithData" time="0.013"/>
  <system-out/>
  <testcase classname="com.crm.PRACTICE.DataProviderContactData" name="createConatctWithData" time="0.005"/>
  <system-out/>
  <testcase classname="com.crm.PRACTICE.DataProviderContactData" name="createConatctWithData" time="0.003"/>
  <system-out/>
  <testcase classname="com.crm.PRACTICE.DataProviderContactData" name="createConatctWithData" time="0.006"/>
  <system-out/>
  <testcase classname="com.crm.PRACTICE.DataProviderContactData" name="createConatctWithData" time="0.006"/>
  <system-out/>
  <testcase classname="com.crm.PRACTICE.DataProviderContactData" name="createConatctWithData" time="0.003"/>
  <system-out/>
  <testcase classname="com.crm.PRACTICE.DataProviderContactData" name="createConatctWithData" time="0.004"/>
  <system-out/>
</testsuite> <!-- com.crm.PRACTICE.DataProviderContactData -->
