<?xml version="1.0" encoding="UTF-8"?>
<!-- Generated by org.testng.reporters.JUnitReportReporter -->
<testsuite hostname="DESKTOP-FUABKC3" failures="0" tests="1" name="com.crm.PRACTICE.PracticeForGenericUtils" time="2.110" errors="0" timestamp="2022-02-22T10:59:05 IST" skipped="0">
  <testcase classname="com.crm.PRACTICE.PracticeForGenericUtils" name="practiceForGenericUtilsTest" time="2.110"/>
  <system-out/>
</testsuite> <!-- com.crm.PRACTICE.PracticeForGenericUtils -->
