<?xml version="1.0" encoding="UTF-8"?>
<!-- Generated by org.testng.reporters.JUnitReportReporter -->
<testsuite hostname="DESKTOP-FUABKC3" failures="0" tests="6" name="com.crm.OrganizationTests.CreateOrgWithMultipleDataTest" time="424.118" errors="0" timestamp="2022-03-01T00:38:45 IST" skipped="0">
  <testcase classname="com.crm.OrganizationTests.CreateOrgWithMultipleDataTest" name="createOrgwithMultipleData" time="151.367"/>
  <system-out>
    <![CDATA[login sucessful
navigated to org link
click on create org link
Create org with ind type
Verification sucessful]]>
  </system-out>
  <testcase classname="com.crm.OrganizationTests.CreateOrgWithMultipleDataTest" name="createOrgwithMultipleData" time="59.326"/>
  <system-out>
    <![CDATA[login sucessful
navigated to org link
click on create org link
Create org with ind type
Verification sucessful]]>
  </system-out>
  <testcase classname="com.crm.OrganizationTests.CreateOrgWithMultipleDataTest" name="createOrgwithMultipleData" time="57.850"/>
  <system-out>
    <![CDATA[login sucessful
navigated to org link
click on create org link
Create org with ind type
Verification sucessful]]>
  </system-out>
  <testcase classname="com.crm.OrganizationTests.CreateOrgWithMultipleDataTest" name="createOrgwithMultipleData" time="56.381"/>
  <system-out>
    <![CDATA[login sucessful
navigated to org link
click on create org link
Create org with ind type
Verification sucessful]]>
  </system-out>
  <testcase classname="com.crm.OrganizationTests.CreateOrgWithMultipleDataTest" name="createOrgwithMultipleData" time="45.403"/>
  <system-out>
    <![CDATA[login sucessful
navigated to org link
click on create org link
Create org with ind type
Verification sucessful]]>
  </system-out>
  <testcase classname="com.crm.OrganizationTests.CreateOrgWithMultipleDataTest" name="createOrgwithMultipleData" time="53.791"/>
  <system-out>
    <![CDATA[login sucessful
navigated to org link
click on create org link
Create org with ind type
Verification sucessful]]>
  </system-out>
</testsuite> <!-- com.crm.OrganizationTests.CreateOrgWithMultipleDataTest -->
