<?xml version="1.0" encoding="UTF-8"?>
<!-- Generated by org.testng.reporters.JUnitReportReporter -->
<testsuite hostname="DESKTOP-FUABKC3" failures="0" tests="1" name="com.crm.PRACTICE.PracticeDebugLoginTest" time="153.305" errors="0" timestamp="2022-03-18T11:16:29 IST" skipped="0">
  <testcase classname="com.crm.PRACTICE.PracticeDebugLoginTest" name="login" time="153.305"/>
  <system-out/>
</testsuite> <!-- com.crm.PRACTICE.PracticeDebugLoginTest -->
