<?xml version="1.0" encoding="UTF-8"?>
<!-- Generated by org.testng.reporters.JUnitReportReporter -->
<testsuite hostname="DESKTOP-FUABKC3" failures="0" tests="2" name="com.crm.OrganizationTests.CreateOrgwithIndTypeTest" time="101.646" errors="0" timestamp="2022-03-03T14:27:46 IST" skipped="0">
  <testcase classname="com.crm.OrganizationTests.CreateOrgwithIndTypeTest" name="createOrgwithIndDropdownTest" time="66.510"/>
  <system-out/>
  <testcase classname="com.crm.OrganizationTests.CreateOrgwithIndTypeTest" name="createOrgwithIndDropdownTest" time="35.136"/>
  <system-out/>
</testsuite> <!-- com.crm.OrganizationTests.CreateOrgwithIndTypeTest -->
