<?xml version="1.0" encoding="UTF-8"?>
<!-- Generated by org.testng.reporters.JUnitReportReporter -->
<testsuite hostname="DESKTOP-FUABKC3" failures="0" tests="6" name="com.crm.OrganizationTests.CreateOrgWithMultipleDataTypeTest" time="236.040" errors="0" timestamp="2022-03-01T16:56:46 IST" skipped="0">
  <testcase classname="com.crm.OrganizationTests.CreateOrgWithMultipleDataTypeTest" name="createOrgWithIndAndType" time="69.564"/>
  <system-out>
    <![CDATA[navigated to org link
click on create org link
Create org with ind and type
Verification sucessful]]>
  </system-out>
  <testcase classname="com.crm.OrganizationTests.CreateOrgWithMultipleDataTypeTest" name="createOrgWithIndAndType" time="31.978"/>
  <system-out>
    <![CDATA[navigated to org link
click on create org link
Create org with ind and type
Verification sucessful]]>
  </system-out>
  <testcase classname="com.crm.OrganizationTests.CreateOrgWithMultipleDataTypeTest" name="createOrgWithIndAndType" time="32.183"/>
  <system-out>
    <![CDATA[navigated to org link
click on create org link
Create org with ind and type
Verification sucessful]]>
  </system-out>
  <testcase classname="com.crm.OrganizationTests.CreateOrgWithMultipleDataTypeTest" name="createOrgWithIndAndType" time="31.750"/>
  <system-out>
    <![CDATA[navigated to org link
click on create org link
Create org with ind and type
Verification sucessful]]>
  </system-out>
  <testcase classname="com.crm.OrganizationTests.CreateOrgWithMultipleDataTypeTest" name="createOrgWithIndAndType" time="39.187"/>
  <system-out>
    <![CDATA[navigated to org link
click on create org link
Create org with ind and type
Verification sucessful]]>
  </system-out>
  <testcase classname="com.crm.OrganizationTests.CreateOrgWithMultipleDataTypeTest" name="createOrgWithIndAndType" time="31.378"/>
  <system-out>
    <![CDATA[navigated to org link
click on create org link
Create org with ind and type
Verification sucessful]]>
  </system-out>
</testsuite> <!-- com.crm.OrganizationTests.CreateOrgWithMultipleDataTypeTest -->
