<?xml version="1.0" encoding="UTF-8"?>
<!-- Generated by org.testng.reporters.JUnitReportReporter -->
<testsuite hostname="DESKTOP-FUABKC3" failures="0" tests="1" name="com.crm.DynamicPracticeTest.BookFlightSpiceJetTest" time="100.323" errors="0" timestamp="2022-03-11T23:01:02 IST" skipped="0">
  <testcase classname="com.crm.DynamicPracticeTest.BookFlightSpiceJetTest" name="bookFligt" time="100.323"/>
  <system-out/>
</testsuite> <!-- com.crm.DynamicPracticeTest.BookFlightSpiceJetTest -->
