<?xml version="1.0" encoding="UTF-8"?>
<!-- Generated by org.testng.reporters.JUnitReportReporter -->
<testsuite hostname="DESKTOP-FUABKC3" failures="0" tests="1" name="com.crm.DynamicPracticeTest.DateParcticeTest" time="0.153" errors="0" timestamp="2022-03-10T08:07:38 IST" skipped="0">
  <testcase classname="com.crm.DynamicPracticeTest.DateParcticeTest" name="parcticeDate" time="0.153"/>
  <system-out/>
</testsuite> <!-- com.crm.DynamicPracticeTest.DateParcticeTest -->
