<?xml version="1.0" encoding="UTF-8"?>
<!-- Generated by org.testng.reporters.JUnitReportReporter -->
<testsuite hostname="DESKTOP-FUABKC3" failures="0" tests="1" name="com.crm.PRACTICE.DebugPracticeGen" time="263.457" errors="0" timestamp="2022-03-18T12:16:19 IST" skipped="0">
  <testcase classname="com.crm.PRACTICE.DebugPracticeGen" name="demo" time="263.457"/>
  <system-out/>
</testsuite> <!-- com.crm.PRACTICE.DebugPracticeGen -->
