<?xml version="1.0" encoding="UTF-8"?>
<!-- Generated by org.testng.reporters.JUnitReportReporter -->
<testsuite hostname="DESKTOP-FUABKC3" failures="0" tests="3" name="com.crm.PRACTICE.DemoTest" time="0.030" errors="0" timestamp="2022-04-03T12:11:35 IST" skipped="0">
  <testcase classname="com.crm.PRACTICE.DemoTest" name="test2" time="0.022"/>
  <system-out/>
  <testcase classname="com.crm.PRACTICE.DemoTest" name="test1" time="0.004"/>
  <system-out/>
  <testcase classname="com.crm.PRACTICE.DemoTest" name="test3" time="0.004"/>
  <system-out/>
</testsuite> <!-- com.crm.PRACTICE.DemoTest -->
