<?xml version="1.0" encoding="UTF-8"?>
<!-- Generated by org.testng.reporters.JUnitReportReporter -->
<testsuite hostname="DESKTOP-FUABKC3" failures="0" tests="1" name="com.crm.DynamicPracticeTest.BookFlightGoibiboTest" time="145.450" errors="0" timestamp="2022-03-09T22:39:40 IST" skipped="0">
  <testcase classname="com.crm.DynamicPracticeTest.BookFlightGoibiboTest" name="bookFlightGo" time="145.450"/>
  <system-out/>
</testsuite> <!-- com.crm.DynamicPracticeTest.BookFlightGoibiboTest -->
