<?xml version="1.0" encoding="UTF-8"?>
<!-- Generated by org.testng.reporters.JUnitReportReporter -->
<testsuite hostname="DESKTOP-FUABKC3" failures="0" tests="1" name="com.crm.DynamicPracticeTest.BookFlightSpiceJetTest" time="45.144" errors="0" timestamp="2022-03-15T16:54:40 IST" skipped="0">
  <testcase classname="com.crm.DynamicPracticeTest.BookFlightSpiceJetTest" name="bookFligt" time="45.144"/>
  <system-out/>
</testsuite> <!-- com.crm.DynamicPracticeTest.BookFlightSpiceJetTest -->
