<?xml version="1.0" encoding="UTF-8"?>
<!-- Generated by org.testng.reporters.JUnitReportReporter -->
<testsuite hostname="DESKTOP-FUABKC3" failures="0" tests="1" name="com.crm.DynamicPracticeTest.SelectDateCalanderTest" time="46.907" errors="0" timestamp="2022-03-09T14:44:57 IST" skipped="0">
  <testcase classname="com.crm.DynamicPracticeTest.SelectDateCalanderTest" name="selctDate" time="46.907"/>
  <system-out/>
</testsuite> <!-- com.crm.DynamicPracticeTest.SelectDateCalanderTest -->
