<?xml version="1.0" encoding="UTF-8"?>
<!-- Generated by org.testng.reporters.JUnitReportReporter -->
<testsuite hostname="DESKTOP-FUABKC3" failures="0" tests="1" name="com.crm.PRACTICE.DatePrcticeTest" time="0.203" errors="0" timestamp="2022-03-11T23:18:36 IST" skipped="0">
  <testcase classname="com.crm.PRACTICE.DatePrcticeTest" name="datePractice" time="0.203"/>
  <system-out/>
</testsuite> <!-- com.crm.PRACTICE.DatePrcticeTest -->
