<?xml version="1.0" encoding="UTF-8"?>
<!-- Generated by org.testng.reporters.JUnitReportReporter -->
<testsuite hostname="DESKTOP-FUABKC3" failures="0" tests="1" name="com.crm.PRACTICE.WriteDataintoExcelSheetTest" time="2.228" errors="0" timestamp="2022-02-17T16:40:34 IST" skipped="0">
  <testcase classname="com.crm.PRACTICE.WriteDataintoExcelSheetTest" name="writeDataIntoExcelSheetTest" time="2.228"/>
  <system-out/>
</testsuite> <!-- com.crm.PRACTICE.WriteDataintoExcelSheetTest -->
