<?xml version="1.0" encoding="UTF-8"?>
<!-- Generated by org.testng.reporters.JUnitReportReporter -->
<testsuite hostname="DESKTOP-FUABKC3" failures="0" tests="1" name="com.crm.PRACTICE.ReadDataFromExelSheetTest" time="11.272" errors="0" timestamp="2022-02-17T16:18:35 IST" skipped="0">
  <testcase classname="com.crm.PRACTICE.ReadDataFromExelSheetTest" name="readDataFromExel" time="11.272"/>
  <system-out/>
</testsuite> <!-- com.crm.PRACTICE.ReadDataFromExelSheetTest -->
