<?xml version="1.0" encoding="UTF-8"?>
<!-- Generated by org.testng.reporters.JUnitReportReporter -->
<testsuite hostname="DESKTOP-FUABKC3" failures="0" tests="1" name="com.crm.DynamicPracticeTest.ContactCheckBoxLastSelect" time="36.878" errors="0" timestamp="2022-03-08T15:19:27 IST" skipped="0">
  <testcase classname="com.crm.DynamicPracticeTest.ContactCheckBoxLastSelect" name="lastCheckBoxSelect" time="36.878"/>
  <system-out/>
</testsuite> <!-- com.crm.DynamicPracticeTest.ContactCheckBoxLastSelect -->
