<?xml version="1.0" encoding="UTF-8"?>
<!-- Generated by org.testng.reporters.JUnitReportReporter -->
<testsuite hostname="DESKTOP-FUABKC3" failures="0" tests="5" name="com.crm.PRACTICE.ParcticeTestNg" time="0.052" errors="0" timestamp="2022-02-28T14:24:22 IST" skipped="1">
  <testcase classname="com.crm.PRACTICE.ParcticeTestNg" name="modifyOrg" time="0.021"/>
  <system-out/>
  <testcase classname="com.crm.PRACTICE.ParcticeTestNg" name="createOrg" time="0.006"/>
  <system-out/>
  <testcase classname="com.crm.PRACTICE.ParcticeTestNg" name="createOrg" time="0.009"/>
  <system-out/>
  <testcase classname="com.crm.PRACTICE.ParcticeTestNg" name="createOrg" time="0.016"/>
  <system-out/>
  <testcase classname="com.crm.PRACTICE.ParcticeTestNg" name="deleteOrg">
    <skipped/>
  </testcase> <!-- deleteOrg -->
  <system-out/>
</testsuite> <!-- com.crm.PRACTICE.ParcticeTestNg -->
