<?xml version="1.0" encoding="UTF-8"?>
<!-- Generated by org.testng.reporters.JUnitReportReporter -->
<testsuite hostname="DESKTOP-FUABKC3" failures="0" tests="1" name="com.crm.DynamicPracticeTest.ContactSelectAndDeleteTest" time="37.771" errors="0" timestamp="2022-03-08T19:14:28 IST" skipped="0">
  <testcase classname="com.crm.DynamicPracticeTest.ContactSelectAndDeleteTest" name="contactSelectAndDelete" time="37.771"/>
  <system-out/>
</testsuite> <!-- com.crm.DynamicPracticeTest.ContactSelectAndDeleteTest -->
