<?xml version="1.0" encoding="UTF-8"?>
<!-- Generated by org.testng.reporters.JUnitReportReporter -->
<testsuite hostname="DESKTOP-FUABKC3" failures="0" tests="1" name="com.crm.PRACTICE.SampleJDBCVerification" time="0.679" errors="0" timestamp="2022-02-16T15:21:14 IST" skipped="0">
  <testcase classname="com.crm.PRACTICE.SampleJDBCVerification" name="sampleJDBCVerificaton" time="0.679"/>
  <system-out/>
</testsuite> <!-- com.crm.PRACTICE.SampleJDBCVerification -->
